..\..\noise\window.pdb
C:\GRAPHICS\NOISE\_GEOMETRY.OBJ
C:\GRAPHICS\NOISE\3DMATH.OBJ
C:\GRAPHICS\NOISE\APPLICATION.OBJ
C:\GRAPHICS\NOISE\CARETAKER.OBJ
C:\graphics\noise\cl.command.1.tlog
C:\graphics\noise\CL.read.1.tlog
C:\graphics\noise\CL.write.1.tlog
C:\GRAPHICS\NOISE\D3DFONT.OBJ
C:\GRAPHICS\NOISE\D3DRENDERER.OBJ
C:\GRAPHICS\NOISE\DEBUG.OBJ
C:\GRAPHICS\NOISE\EFFECT.OBJ
C:\GRAPHICS\NOISE\EFFECTMANAGER.OBJ
C:\graphics\noise\link.command.1.tlog
C:\graphics\noise\link.read.1.tlog
C:\graphics\noise\link.write.1.tlog
C:\graphics\noise\link-cvtres.read.1.tlog
C:\graphics\noise\link-cvtres.write.1.tlog
C:\graphics\noise\mt.command.1.tlog
C:\graphics\noise\mt.read.1.tlog
C:\graphics\noise\mt.write.1.tlog
C:\GRAPHICS\NOISE\MYNOISE.OBJ
C:\GRAPHICS\NOISE\NOISEPLANET.OBJ
C:\GRAPHICS\NOISE\NOISESKY.OBJ
C:\GRAPHICS\NOISE\NOISEUTILS.OBJ
C:\GRAPHICS\NOISE\PLANETMESH.OBJ
C:\GRAPHICS\NOISE\QUAD.OBJ
C:\graphics\noise\rc.command.1.tlog
C:\graphics\noise\rc.read.1.tlog
C:\graphics\noise\rc.write.1.tlog
C:\GRAPHICS\NOISE\RECTANGULARVERTEXGRID.OBJ
C:\GRAPHICS\NOISE\RENDERTARGET.OBJ
C:\GRAPHICS\NOISE\RESOURCEITEM.OBJ
C:\GRAPHICS\NOISE\RESOURCEMANAGER.OBJ
C:\GRAPHICS\NOISE\RESOURCEPOOL.OBJ
C:\GRAPHICS\NOISE\STDAFX.OBJ
C:\GRAPHICS\NOISE\TEXTURE.OBJ
C:\GRAPHICS\NOISE\TEXTUREMANAGER.OBJ
C:\GRAPHICS\NOISE\TEXTUREUTILS.OBJ
C:\graphics\noise\UpgradeLog.XML
C:\GRAPHICS\NOISE\VC100.PDB
C:\GRAPHICS\NOISE\VERTEXBUFFER.OBJ
C:\GRAPHICS\NOISE\VERTEXTYPES.OBJ
C:\GRAPHICS\NOISE\WINDOW.EXE
C:\GRAPHICS\NOISE\WINDOW.EXE.INTERMEDIATE.MANIFEST
C:\GRAPHICS\NOISE\WINDOW.OBJ
C:\GRAPHICS\NOISE\WINDOW.PCH
C:\GRAPHICS\NOISE\WINDOW.PDB
C:\GRAPHICS\NOISE\WINDOW.RES
C:\graphics\noise\window\..\..\noise\window.exe
C:\graphics\noise\window\..\..\noise\window.exe.intermediate.manifest
